[24151:24151:1203/183400.382193:ERROR:input_method_base.cc(146)] Not implemented reached in virtual ui::InputMethodKeyboardController *ui::InputMethodBase::GetInputMethodKeyboardController()Using InputMethodKeyboardControllerStub
Gtk-Message: 18:39:29.942: GtkDialog mapped without a transient parent. This is discouraged.
Gtk-Message: 18:39:51.178: GtkDialog mapped without a transient parent. This is discouraged.
[24198:24198:1203/185109.587830:ERROR:gles2_cmd_decoder.cc(17797)] [.BrowserCompositor-0x2308ea128e00]GL ERROR :GL_INVALID_OPERATION : glCreateAndConsumeTextureCHROMIUM: invalid mailbox name
[24198:24198:1203/185109.587889:ERROR:gles2_cmd_decoder.cc(17797)] [.BrowserCompositor-0x2308ea128e00]GL ERROR :GL_INVALID_OPERATION : glCreateAndConsumeTextureCHROMIUM: invalid mailbox name
[24198:24198:1203/185109.587927:ERROR:gles2_cmd_decoder.cc(10209)] [.BrowserCompositor-0x2308ea128e00]RENDER WARNING: texture bound to texture unit 2 is not renderable. It maybe non-power-of-2 and have incompatible texture filtering.
[24198:24198:1203/185109.587947:ERROR:gles2_cmd_decoder.cc(10209)] [.BrowserCompositor-0x2308ea128e00]RENDER WARNING: texture bound to texture unit 1 is not renderable. It maybe non-power-of-2 and have incompatible texture filtering.
[24198:24198:1203/185109.615022:ERROR:gles2_cmd_decoder.cc(10209)] [.BrowserCompositor-0x2308ea128e00]RENDER WARNING: texture bound to texture unit 2 is not renderable. It maybe non-power-of-2 and have incompatible texture filtering.
[24198:24198:1203/185109.615112:ERROR:gles2_cmd_decoder.cc(10209)] [.BrowserCompositor-0x2308ea128e00]RENDER WARNING: texture bound to texture unit 1 is not renderable. It maybe non-power-of-2 and have incompatible texture filtering.
[24198:24198:1203/191518.531932:ERROR:gles2_cmd_decoder.cc(17797)] [.BrowserCompositor-0x2308ea128e00]GL ERROR :GL_INVALID_OPERATION : glCreateAndConsumeTextureCHROMIUM: invalid mailbox name
[24198:24198:1203/191518.532002:ERROR:gles2_cmd_decoder.cc(10209)] [.BrowserCompositor-0x2308ea128e00]RENDER WARNING: texture bound to texture unit 1 is not renderable. It maybe non-power-of-2 and have incompatible texture filtering.
[24198:24198:1203/191518.549621:ERROR:gles2_cmd_decoder.cc(10209)] [.BrowserCompositor-0x2308ea128e00]RENDER WARNING: texture bound to texture unit 1 is not renderable. It maybe non-power-of-2 and have incompatible texture filtering.
[24198:24198:1203/191518.580579:ERROR:gles2_cmd_decoder.cc(10209)] [.BrowserCompositor-0x2308ea128e00]RENDER WARNING: texture bound to texture unit 1 is not renderable. It maybe non-power-of-2 and have incompatible texture filtering.
[24198:24198:1203/191518.586008:ERROR:gles2_cmd_decoder.cc(10209)] [.BrowserCompositor-0x2308ea128e00]RENDER WARNING: texture bound to texture unit 1 is not renderable. It maybe non-power-of-2 and have incompatible texture filtering.
[24198:24198:1203/191518.601154:ERROR:gles2_cmd_decoder.cc(10209)] [.BrowserCompositor-0x2308ea128e00]RENDER WARNING: texture bound to texture unit 1 is not renderable. It maybe non-power-of-2 and have incompatible texture filtering.
[24198:24198:1203/191518.699940:ERROR:gles2_cmd_decoder.cc(10209)] [.BrowserCompositor-0x2308ea128e00]RENDER WARNING: texture bound to texture unit 1 is not renderable. It maybe non-power-of-2 and have incompatible texture filtering.
[24198:24198:1203/191518.716285:ERROR:gles2_cmd_decoder.cc(10209)] [.BrowserCompositor-0x2308ea128e00]RENDER WARNING: texture bound to texture unit 1 is not renderable. It maybe non-power-of-2 and have incompatible texture filtering.
[24198:24198:1203/191518.730014:ERROR:gles2_cmd_decoder.cc(10209)] [.BrowserCompositor-0x2308ea128e00]RENDER WARNING: texture bound to texture unit 1 is not renderable. It maybe non-power-of-2 and have incompatible texture filtering.
[24151:24172:1203/192326.874156:ERROR:ssl_client_socket_impl.cc(1061)] handshake failed; returned -1, SSL error code 1, net_error -101
[24151:24151:1203/203738.730526:ERROR:textfield.cc(1767)] Not implemented reached in virtual bool views::Textfield::ShouldDoLearning()
[24151:24172:1203/205914.970049:ERROR:ssl_client_socket_impl.cc(1061)] handshake failed; returned -1, SSL error code 1, net_error -101
[24198:24198:1203/211820.131896:ERROR:gles2_cmd_decoder.cc(17797)] [.BrowserCompositor-0x2308ea128e00]GL ERROR :GL_INVALID_OPERATION : glCreateAndConsumeTextureCHROMIUM: invalid mailbox name
[24198:24198:1203/211820.132020:ERROR:gles2_cmd_decoder.cc(17797)] [.BrowserCompositor-0x2308ea128e00]GL ERROR :GL_INVALID_OPERATION : glCreateAndConsumeTextureCHROMIUM: invalid mailbox name
[24198:24198:1203/211820.132073:ERROR:gles2_cmd_decoder.cc(10209)] [.BrowserCompositor-0x2308ea128e00]RENDER WARNING: texture bound to texture unit 2 is not renderable. It maybe non-power-of-2 and have incompatible texture filtering.
[24198:24198:1203/211820.132094:ERROR:gles2_cmd_decoder.cc(10209)] [.BrowserCompositor-0x2308ea128e00]RENDER WARNING: texture bound to texture unit 1 is not renderable. It maybe non-power-of-2 and have incompatible texture filtering.
[24198:24198:1203/211820.147192:ERROR:gles2_cmd_decoder.cc(10209)] [.BrowserCompositor-0x2308ea128e00]RENDER WARNING: texture bound to texture unit 2 is not renderable. It maybe non-power-of-2 and have incompatible texture filtering.
[24198:24198:1203/211820.147226:ERROR:gles2_cmd_decoder.cc(10209)] [.BrowserCompositor-0x2308ea128e00]RENDER WARNING: texture bound to texture unit 1 is not renderable. It maybe non-power-of-2 and have incompatible texture filtering.
[24198:24198:1203/214033.279159:ERROR:gles2_cmd_decoder.cc(17797)] [.BrowserCompositor-0x2308ea128e00]GL ERROR :GL_INVALID_OPERATION : glCreateAndConsumeTextureCHROMIUM: invalid mailbox name
[24198:24198:1203/214033.279226:ERROR:gles2_cmd_decoder.cc(17797)] [.BrowserCompositor-0x2308ea128e00]GL ERROR :GL_INVALID_OPERATION : glCreateAndConsumeTextureCHROMIUM: invalid mailbox name
[24198:24198:1203/214033.279265:ERROR:gles2_cmd_decoder.cc(10209)] [.BrowserCompositor-0x2308ea128e00]RENDER WARNING: texture bound to texture unit 2 is not renderable. It maybe non-power-of-2 and have incompatible texture filtering.
[24198:24198:1203/214033.279287:ERROR:gles2_cmd_decoder.cc(10209)] [.BrowserCompositor-0x2308ea128e00]RENDER WARNING: texture bound to texture unit 1 is not renderable. It maybe non-power-of-2 and have incompatible texture filtering.
[24198:24198:1203/214033.296406:ERROR:gles2_cmd_decoder.cc(10209)] [.BrowserCompositor-0x2308ea128e00]RENDER WARNING: texture bound to texture unit 2 is not renderable. It maybe non-power-of-2 and have incompatible texture filtering.
[24198:24198:1203/214033.296451:ERROR:gles2_cmd_decoder.cc(10209)] [.BrowserCompositor-0x2308ea128e00]RENDER WARNING: texture bound to texture unit 1 is not renderable. It maybe non-power-of-2 and have incompatible texture filtering.
[24198:24198:1203/214033.326305:ERROR:gles2_cmd_decoder.cc(10209)] [.BrowserCompositor-0x2308ea128e00]RENDER WARNING: texture bound to texture unit 2 is not renderable. It maybe non-power-of-2 and have incompatible texture filtering.
[24198:24198:1203/214033.326347:ERROR:gles2_cmd_decoder.cc(10209)] [.BrowserCompositor-0x2308ea128e00]RENDER WARNING: texture bound to texture unit 1 is not renderable. It maybe non-power-of-2 and have incompatible texture filtering.
[24198:24198:1203/214033.339370:ERROR:gles2_cmd_decoder.cc(10209)] [.BrowserCompositor-0x2308ea128e00]RENDER WARNING: texture bound to texture unit 2 is not renderable. It maybe non-power-of-2 and have incompatible texture filtering.
[24198:24198:1203/214033.339398:ERROR:gles2_cmd_decoder.cc(10209)] [.BrowserCompositor-0x2308ea128e00]RENDER WARNING: texture bound to texture unit 1 is not renderable. It maybe non-power-of-2 and have incompatible texture filtering.
[24198:24198:1203/214033.352802:ERROR:gles2_cmd_decoder.cc(10209)] [.BrowserCompositor-0x2308ea128e00]RENDER WARNING: texture bound to texture unit 2 is not renderable. It maybe non-power-of-2 and have incompatible texture filtering.
[24198:24198:1203/214033.352832:ERROR:gles2_cmd_decoder.cc(10209)] [.BrowserCompositor-0x2308ea128e00]RENDER WARNING: texture bound to texture unit 1 is not renderable. It maybe non-power-of-2 and have incompatible texture filtering.
[24198:24198:1203/214033.382376:ERROR:gles2_cmd_decoder.cc(10209)] [.BrowserCompositor-0x2308ea128e00]RENDER WARNING: texture bound to texture unit 2 is not renderable. It maybe non-power-of-2 and have incompatible texture filtering.
[24198:24198:1203/214033.382409:ERROR:gles2_cmd_decoder.cc(10209)] [.BrowserCompositor-0x2308ea128e00]RENDER WARNING: texture bound to texture unit 1 is not renderable. It maybe non-power-of-2 and have incompatible texture filtering.
[24198:24198:1203/214033.397495:ERROR:gles2_cmd_decoder.cc(10209)] [.BrowserCompositor-0x2308ea128e00]RENDER WARNING: texture bound to texture unit 2 is not renderable. It maybe non-power-of-2 and have incompatible texture filtering.
[24198:24198:1203/214033.397546:ERROR:gles2_cmd_decoder.cc(10209)] [.BrowserCompositor-0x2308ea128e00]RENDER WARNING: texture bound to texture unit 1 is not renderable. It maybe non-power-of-2 and have incompatible texture filtering.
[24198:24198:1203/214033.412123:ERROR:gles2_cmd_decoder.cc(10209)] [.BrowserCompositor-0x2308ea128e00]RENDER WARNING: texture bound to texture unit 2 is not renderable. It maybe non-power-of-2 and have incompatible texture filtering.
[24198:24198:1203/214033.412157:ERROR:gles2_cmd_decoder.cc(10209)] [.BrowserCompositor-0x2308ea128e00]RENDER WARNING: texture bound to texture unit 1 is not renderable. It maybe non-power-of-2 and have incompatible texture filtering.
[24198:24198:1203/214033.425624:ERROR:gles2_cmd_decoder.cc(10209)] [.BrowserCompositor-0x2308ea128e00]RENDER WARNING: texture bound to texture unit 2 is not renderable. It maybe non-power-of-2 and have incompatible texture filtering.
[24198:24198:1203/214033.425659:ERROR:gles2_cmd_decoder.cc(10209)] [.BrowserCompositor-0x2308ea128e00]RENDER WARNING: texture bound to texture unit 1 is not renderable. It maybe non-power-of-2 and have incompatible texture filtering.
[24198:24198:1203/214033.438810:ERROR:gles2_cmd_decoder.cc(10209)] [.BrowserCompositor-0x2308ea128e00]RENDER WARNING: texture bound to texture unit 2 is not renderable. It maybe non-power-of-2 and have incompatible texture filtering.
[24198:24198:1203/214033.438850:ERROR:gles2_cmd_decoder.cc(10209)] [.BrowserCompositor-0x2308ea128e00]RENDER WARNING: texture bound to texture unit 1 is not renderable. It maybe non-power-of-2 and have incompatible texture filtering.
[24198:24198:1203/214033.452992:ERROR:gles2_cmd_decoder.cc(10209)] [.BrowserCompositor-0x2308ea128e00]RENDER WARNING: texture bound to texture unit 2 is not renderable. It maybe non-power-of-2 and have incompatible texture filtering.
[24198:24198:1203/214033.453031:ERROR:gles2_cmd_decoder.cc(10209)] [.BrowserCompositor-0x2308ea128e00]RENDER WARNING: texture bound to texture unit 1 is not renderable. It maybe non-power-of-2 and have incompatible texture filtering.
[24198:24198:1203/214033.467007:ERROR:gles2_cmd_decoder.cc(10209)] [.BrowserCompositor-0x2308ea128e00]RENDER WARNING: texture bound to texture unit 2 is not renderable. It maybe non-power-of-2 and have incompatible texture filtering.
[24198:24198:1203/214033.467053:ERROR:gles2_cmd_decoder.cc(10209)] [.BrowserCompositor-0x2308ea128e00]RENDER WARNING: texture bound to texture unit 1 is not renderable. It maybe non-power-of-2 and have incompatible texture filtering.
[24198:24198:1203/214033.480696:ERROR:gles2_cmd_decoder.cc(10209)] [.BrowserCompositor-0x2308ea128e00]RENDER WARNING: texture bound to texture unit 2 is not renderable. It maybe non-power-of-2 and have incompatible texture filtering.
[24198:24198:1203/214033.480734:ERROR:gles2_cmd_decoder.cc(10209)] [.BrowserCompositor-0x2308ea128e00]RENDER WARNING: texture bound to texture unit 1 is not renderable. It maybe non-power-of-2 and have incompatible texture filtering.
[24198:24198:1203/214033.496229:ERROR:gles2_cmd_decoder.cc(10209)] [.BrowserCompositor-0x2308ea128e00]RENDER WARNING: texture bound to texture unit 2 is not renderable. It maybe non-power-of-2 and have incompatible texture filtering.
[24198:24198:1203/214033.496261:ERROR:gles2_cmd_decoder.cc(10209)] [.BrowserCompositor-0x2308ea128e00]RENDER WARNING: texture bound to texture unit 1 is not renderable. It maybe non-power-of-2 and have incompatible texture filtering.
[24198:24198:1203/214033.510141:ERROR:gles2_cmd_decoder.cc(10209)] [.BrowserCompositor-0x2308ea128e00]RENDER WARNING: texture bound to texture unit 2 is not renderable. It maybe non-power-of-2 and have incompatible texture filtering.
[24198:24198:1203/214033.510183:ERROR:gles2_cmd_decoder.cc(10209)] [.BrowserCompositor-0x2308ea128e00]RENDER WARNING: texture bound to texture unit 1 is not renderable. It maybe non-power-of-2 and have incompatible texture filtering.
[24198:24198:1203/214033.544730:ERROR:gles2_cmd_decoder.cc(10209)] [.BrowserCompositor-0x2308ea128e00]RENDER WARNING: texture bound to texture unit 2 is not renderable. It maybe non-power-of-2 and have incompatible texture filtering.
[24198:24198:1203/214033.544841:ERROR:gles2_cmd_decoder.cc(10209)] [.BrowserCompositor-0x2308ea128e00]RENDER WARNING: texture bound to texture unit 1 is not renderable. It maybe non-power-of-2 and have incompatible texture filtering.
[24198:24198:1203/214033.561760:ERROR:gles2_cmd_decoder.cc(10209)] [.BrowserCompositor-0x2308ea128e00]RENDER WARNING: texture bound to texture unit 2 is not renderable. It maybe non-power-of-2 and have incompatible texture filtering.
[24198:24198:1203/214033.561921:ERROR:gles2_cmd_decoder.cc(10209)] [.BrowserCompositor-0x2308ea128e00]RENDER WARNING: texture bound to texture unit 1 is not renderable. It maybe non-power-of-2 and have incompatible texture filtering.
Gtk-Message: 21:41:23.620: GtkDialog mapped without a transient parent. This is discouraged.
Gtk-Message: 21:41:40.890: GtkDialog mapped without a transient parent. This is discouraged.
[24198:24198:1203/214459.865239:ERROR:gles2_cmd_decoder.cc(17797)] [.BrowserCompositor-0x2308ea128e00]GL ERROR :GL_INVALID_OPERATION : glCreateAndConsumeTextureCHROMIUM: invalid mailbox name
[24198:24198:1203/214459.868342:ERROR:gles2_cmd_decoder.cc(17797)] [.BrowserCompositor-0x2308ea128e00]GL ERROR :GL_INVALID_OPERATION : glCreateAndConsumeTextureCHROMIUM: invalid mailbox name
[24198:24198:1203/214459.873577:ERROR:gles2_cmd_decoder.cc(10209)] [.BrowserCompositor-0x2308ea128e00]RENDER WARNING: texture bound to texture unit 2 is not renderable. It maybe non-power-of-2 and have incompatible texture filtering.
[24198:24198:1203/214459.879551:ERROR:gles2_cmd_decoder.cc(10209)] [.BrowserCompositor-0x2308ea128e00]RENDER WARNING: texture bound to texture unit 1 is not renderable. It maybe non-power-of-2 and have incompatible texture filtering.
[24198:24198:1203/214459.900035:ERROR:gles2_cmd_decoder.cc(10209)] [.BrowserCompositor-0x2308ea128e00]RENDER WARNING: texture bound to texture unit 2 is not renderable. It maybe non-power-of-2 and have incompatible texture filtering.
[24198:24198:1203/214459.914186:ERROR:gles2_cmd_decoder.cc(10209)] [.BrowserCompositor-0x2308ea128e00]RENDER WARNING: texture bound to texture unit 1 is not renderable. It maybe non-power-of-2 and have incompatible texture filtering.
[24198:24198:1203/214459.919390:ERROR:gles2_cmd_decoder.cc(10209)] [.BrowserCompositor-0x2308ea128e00]RENDER WARNING: texture bound to texture unit 2 is not renderable. It maybe non-power-of-2 and have incompatible texture filtering.
[24198:24198:1203/214459.919430:ERROR:gles2_cmd_decoder.cc(10209)] [.BrowserCompositor-0x2308ea128e00]RENDER WARNING: texture bound to texture unit 1 is not renderable. It maybe non-power-of-2 and have incompatible texture filtering.
[24198:24198:1203/214459.932661:ERROR:gles2_cmd_decoder.cc(10209)] [.BrowserCompositor-0x2308ea128e00]RENDER WARNING: texture bound to texture unit 2 is not renderable. It maybe non-power-of-2 and have incompatible texture filtering.
[24198:24198:1203/214459.932745:ERROR:gles2_cmd_decoder.cc(10209)] [.BrowserCompositor-0x2308ea128e00]RENDER WARNING: texture bound to texture unit 1 is not renderable. It maybe non-power-of-2 and have incompatible texture filtering.
[24151:24151:1203/214501.241878:ERROR:http_bridge.cc(126)] Not implemented reached in virtual void syncer::HttpBridgeFactory::OnSignalReceived()
